{"meta": {"format": 3, "version": "7.6.12", "timestamp": "2025-03-10T12:18:43.463631", "branch_coverage": false, "show_contexts": false}, "files": {"src/codebeaver/CodebeaverConfig.py": {"executed_lines": [1, 2, 3, 4, 5, 6, 7, 9, 11, 12, 13, 16, 17, 19, 20, 21, 24, 26, 27, 34, 35, 36, 37, 38, 39, 40, 41, 42, 43, 44, 45, 47, 72, 73, 74, 77, 78, 79, 80, 81, 83, 85, 88, 89, 92, 96, 130, 131, 141, 142, 149, 150, 155, 156], "summary": {"covered_lines": 51, "num_statements": 122, "percent_covered": 41.80327868852459, "percent_covered_display": "42", "missing_lines": 71, "excluded_lines": 0}, "missing_lines": [28, 32, 49, 50, 51, 52, 53, 54, 55, 56, 57, 58, 59, 60, 61, 63, 66, 67, 68, 70, 93, 98, 101, 102, 103, 105, 109, 110, 112, 113, 115, 116, 118, 119, 121, 122, 124, 125, 127, 128, 132, 133, 134, 135, 136, 137, 139, 144, 145, 146, 147, 152, 153, 158, 159, 160, 161, 162, 163, 164, 165, 166, 167, 168, 169, 170, 171, 172, 173, 174, 175], "excluded_lines": [], "functions": {"E2EConfig.from_dict": {"executed_lines": [], "summary": {"covered_lines": 0, "num_statements": 2, "percent_covered": 0.0, "percent_covered_display": "0", "missing_lines": 2, "excluded_lines": 0}, "missing_lines": [28, 32], "excluded_lines": []}, "UnitTestConfig.__init__": {"executed_lines": [], "summary": {"covered_lines": 0, "num_statements": 18, "percent_covered": 0.0, "percent_covered_display": "0", "missing_lines": 18, "excluded_lines": 0}, "missing_lines": [49, 50, 51, 52, 53, 54, 55, 56, 57, 58, 59, 60, 61, 63, 66, 67, 68, 70], "excluded_lines": []}, "CodeBeaverConfig.__init__": {"executed_lines": [85, 88, 89, 92, 96], "summary": {"covered_lines": 5, "num_statements": 25, "percent_covered": 20.0, "percent_covered_display": "20", "missing_lines": 20, "excluded_lines": 0}, "missing_lines": [93, 98, 101, 102, 103, 105, 109, 110, 112, 113, 115, 116, 118, 119, 121, 122, 124, 125, 127, 128], "excluded_lines": []}, "CodeBeaverConfig.from_yaml": {"executed_lines": [], "summary": {"covered_lines": 0, "num_statements": 7, "percent_covered": 0.0, "percent_covered_display": "0", "missing_lines": 7, "excluded_lines": 0}, "missing_lines": [132, 133, 134, 135, 136, 137, 139], "excluded_lines": []}, "CodeBeaverConfig.template_dir": {"executed_lines": [], "summary": {"covered_lines": 0, "num_statements": 4, "percent_covered": 0.0, "percent_covered_display": "0", "missing_lines": 4, "excluded_lines": 0}, "missing_lines": [144, 145, 146, 147], "excluded_lines": []}, "CodeBeaverConfig.get_templates": {"executed_lines": [], "summary": {"covered_lines": 0, "num_statements": 2, "percent_covered": 0.0, "percent_covered_display": "0", "missing_lines": 2, "excluded_lines": 0}, "missing_lines": [152, 153], "excluded_lines": []}, "CodeBeaverConfig.parse_template": {"executed_lines": [], "summary": {"covered_lines": 0, "num_statements": 18, "percent_covered": 0.0, "percent_covered_display": "0", "missing_lines": 18, "excluded_lines": 0}, "missing_lines": [158, 159, 160, 161, 162, 163, 164, 165, 166, 167, 168, 169, 170, 171, 172, 173, 174, 175], "excluded_lines": []}, "": {"executed_lines": [1, 2, 3, 4, 5, 6, 7, 9, 11, 12, 13, 16, 17, 19, 20, 21, 24, 26, 27, 34, 35, 36, 37, 38, 39, 40, 41, 42, 43, 44, 45, 47, 72, 73, 74, 77, 78, 79, 80, 81, 83, 130, 131, 141, 142, 149, 150, 155, 156], "summary": {"covered_lines": 46, "num_statements": 46, "percent_covered": 100.0, "percent_covered_display": "100", "missing_lines": 0, "excluded_lines": 0}, "missing_lines": [], "excluded_lines": []}}, "classes": {"E2ETestConfig": {"executed_lines": [], "summary": {"covered_lines": 0, "num_statements": 0, "percent_covered": 100.0, "percent_covered_display": "100", "missing_lines": 0, "excluded_lines": 0}, "missing_lines": [], "excluded_lines": []}, "E2EConfig": {"executed_lines": [], "summary": {"covered_lines": 0, "num_statements": 2, "percent_covered": 0.0, "percent_covered_display": "0", "missing_lines": 2, "excluded_lines": 0}, "missing_lines": [28, 32], "excluded_lines": []}, "UnitTestConfig": {"executed_lines": [], "summary": {"covered_lines": 0, "num_statements": 18, "percent_covered": 0.0, "percent_covered_display": "0", "missing_lines": 18, "excluded_lines": 0}, "missing_lines": [49, 50, 51, 52, 53, 54, 55, 56, 57, 58, 59, 60, 61, 63, 66, 67, 68, 70], "excluded_lines": []}, "CodeBeaverConfig": {"executed_lines": [85, 88, 89, 92, 96], "summary": {"covered_lines": 5, "num_statements": 56, "percent_covered": 8.928571428571429, "percent_covered_display": "9", "missing_lines": 51, "excluded_lines": 0}, "missing_lines": [93, 98, 101, 102, 103, 105, 109, 110, 112, 113, 115, 116, 118, 119, 121, 122, 124, 125, 127, 128, 132, 133, 134, 135, 136, 137, 139, 144, 145, 146, 147, 152, 153, 158, 159, 160, 161, 162, 163, 164, 165, 166, 167, 168, 169, 170, 171, 172, 173, 174, 175], "excluded_lines": []}, "": {"executed_lines": [1, 2, 3, 4, 5, 6, 7, 9, 11, 12, 13, 16, 17, 19, 20, 21, 24, 26, 27, 34, 35, 36, 37, 38, 39, 40, 41, 42, 43, 44, 45, 47, 72, 73, 74, 77, 78, 79, 80, 81, 83, 130, 131, 141, 142, 149, 150, 155, 156], "summary": {"covered_lines": 46, "num_statements": 46, "percent_covered": 100.0, "percent_covered_display": "100", "missing_lines": 0, "excluded_lines": 0}, "missing_lines": [], "excluded_lines": []}}}, "src/codebeaver/TestFilePattern.py": {"executed_lines": [1, 2, 3, 4, 6, 9, 11, 18, 19, 21, 34, 35, 38, 39, 41, 43, 48, 68, 72, 73, 74, 76, 78, 79, 81, 82, 83, 84, 86, 87, 89, 90, 91, 94, 124, 125, 127, 129, 164, 222, 287], "summary": {"covered_lines": 41, "num_statements": 156, "percent_covered": 26.28205128205128, "percent_covered_display": "26", "missing_lines": 115, "excluded_lines": 0}, "missing_lines": [49, 50, 53, 54, 55, 57, 59, 62, 63, 65, 66, 69, 95, 96, 97, 98, 99, 100, 102, 105, 106, 108, 112, 114, 117, 118, 119, 120, 141, 143, 144, 147, 148, 149, 152, 153, 154, 155, 158, 159, 160, 162, 168, 169, 172, 174, 176, 206, 220, 224, 225, 228, 229, 230, 231, 232, 233, 234, 237, 238, 239, 240, 242, 245, 246, 248, 266, 268, 270, 271, 272, 275, 276, 277, 278, 281, 282, 283, 285, 289, 290, 291, 294, 295, 296, 297, 298, 300, 302, 303, 304, 307, 310, 311, 312, 314, 316, 319, 320, 322, 323, 324, 326, 327, 328, 329, 331, 332, 333, 334, 336, 338, 340, 341, 343], "excluded_lines": [], "functions": {"TestFilePattern.__init__": {"executed_lines": [18, 19], "summary": {"covered_lines": 2, "num_statements": 2, "percent_covered": 100.0, "percent_covered_display": "100", "missing_lines": 0, "excluded_lines": 0}, "missing_lines": [], "excluded_lines": []}, "TestFilePattern.create_new_test_file": {"executed_lines": [34, 35, 38, 39, 41, 43, 48, 68, 72, 73, 74, 76, 78, 79, 81, 82, 83, 84, 86, 87], "summary": {"covered_lines": 20, "num_statements": 32, "percent_covered": 62.5, "percent_covered_display": "62", "missing_lines": 12, "excluded_lines": 0}, "missing_lines": [49, 50, 53, 54, 55, 57, 59, 62, 63, 65, 66, 69], "excluded_lines": []}, "TestFilePattern._standard_convention_for_new_test_file": {"executed_lines": [90, 91, 94, 124, 125, 127], "summary": {"covered_lines": 6, "num_statements": 22, "percent_covered": 27.272727272727273, "percent_covered_display": "27", "missing_lines": 16, "excluded_lines": 0}, "missing_lines": [95, 96, 97, 98, 99, 100, 102, 105, 106, 108, 112, 114, 117, 118, 119, 120], "excluded_lines": []}, "TestFilePattern.find_test_file": {"executed_lines": [], "summary": {"covered_lines": 0, "num_statements": 14, "percent_covered": 0.0, "percent_covered_display": "0", "missing_lines": 14, "excluded_lines": 0}, "missing_lines": [141, 143, 144, 147, 148, 149, 152, 153, 154, 155, 158, 159, 160, 162], "excluded_lines": []}, "TestFilePattern._file_test_pattern": {"executed_lines": [], "summary": {"covered_lines": 0, "num_statements": 7, "percent_covered": 0.0, "percent_covered_display": "0", "missing_lines": 7, "excluded_lines": 0}, "missing_lines": [168, 169, 172, 174, 176, 206, 220], "excluded_lines": []}, "TestFilePattern.find_source_file": {"executed_lines": [], "summary": {"covered_lines": 0, "num_statements": 30, "percent_covered": 0.0, "percent_covered_display": "0", "missing_lines": 30, "excluded_lines": 0}, "missing_lines": [224, 225, 228, 229, 230, 231, 232, 233, 234, 237, 238, 239, 240, 242, 245, 246, 248, 266, 268, 270, 271, 272, 275, 276, 277, 278, 281, 282, 283, 285], "excluded_lines": []}, "TestFilePattern.list_files_and_tests": {"executed_lines": [], "summary": {"covered_lines": 0, "num_statements": 31, "percent_covered": 0.0, "percent_covered_display": "0", "missing_lines": 31, "excluded_lines": 0}, "missing_lines": [289, 290, 291, 294, 295, 296, 297, 298, 300, 302, 303, 304, 307, 310, 311, 312, 314, 316, 326, 327, 328, 329, 331, 332, 333, 334, 336, 338, 340, 341, 343], "excluded_lines": []}, "TestFilePattern.list_files_and_tests.should_ignore": {"executed_lines": [], "summary": {"covered_lines": 0, "num_statements": 5, "percent_covered": 0.0, "percent_covered_display": "0", "missing_lines": 5, "excluded_lines": 0}, "missing_lines": [319, 320, 322, 323, 324], "excluded_lines": []}, "": {"executed_lines": [1, 2, 3, 4, 6, 9, 11, 21, 89, 129, 164, 222, 287], "summary": {"covered_lines": 13, "num_statements": 13, "percent_covered": 100.0, "percent_covered_display": "100", "missing_lines": 0, "excluded_lines": 0}, "missing_lines": [], "excluded_lines": []}}, "classes": {"TestFilePattern": {"executed_lines": [18, 19, 34, 35, 38, 39, 41, 43, 48, 68, 72, 73, 74, 76, 78, 79, 81, 82, 83, 84, 86, 87, 90, 91, 94, 124, 125, 127], "summary": {"covered_lines": 28, "num_statements": 143, "percent_covered": 19.58041958041958, "percent_covered_display": "20", "missing_lines": 115, "excluded_lines": 0}, "missing_lines": [49, 50, 53, 54, 55, 57, 59, 62, 63, 65, 66, 69, 95, 96, 97, 98, 99, 100, 102, 105, 106, 108, 112, 114, 117, 118, 119, 120, 141, 143, 144, 147, 148, 149, 152, 153, 154, 155, 158, 159, 160, 162, 168, 169, 172, 174, 176, 206, 220, 224, 225, 228, 229, 230, 231, 232, 233, 234, 237, 238, 239, 240, 242, 245, 246, 248, 266, 268, 270, 271, 272, 275, 276, 277, 278, 281, 282, 283, 285, 289, 290, 291, 294, 295, 296, 297, 298, 300, 302, 303, 304, 307, 310, 311, 312, 314, 316, 319, 320, 322, 323, 324, 326, 327, 328, 329, 331, 332, 333, 334, 336, 338, 340, 341, 343], "excluded_lines": []}, "": {"executed_lines": [1, 2, 3, 4, 6, 9, 11, 21, 89, 129, 164, 222, 287], "summary": {"covered_lines": 13, "num_statements": 13, "percent_covered": 100.0, "percent_covered_display": "100", "missing_lines": 0, "excluded_lines": 0}, "missing_lines": [], "excluded_lines": []}}}, "src/codebeaver/__init__.py": {"executed_lines": [1, 5], "summary": {"covered_lines": 1, "num_statements": 1, "percent_covered": 100.0, "percent_covered_display": "100", "missing_lines": 0, "excluded_lines": 0}, "missing_lines": [], "excluded_lines": [], "functions": {"": {"executed_lines": [1, 5], "summary": {"covered_lines": 1, "num_statements": 1, "percent_covered": 100.0, "percent_covered_display": "100", "missing_lines": 0, "excluded_lines": 0}, "missing_lines": [], "excluded_lines": []}}, "classes": {"": {"executed_lines": [1, 5], "summary": {"covered_lines": 1, "num_statements": 1, "percent_covered": 100.0, "percent_covered_display": "100", "missing_lines": 0, "excluded_lines": 0}, "missing_lines": [], "excluded_lines": []}}}}, "totals": {"covered_lines": 93, "num_statements": 279, "percent_covered": 33.333333333333336, "percent_covered_display": "33", "missing_lines": 186, "excluded_lines": 0}}